<?xml version="1.0" encoding="UTF-8"?>
<!-- Generated by org.testng.reporters.JUnitReportReporter -->
<testsuite hostname="BHANU-LAPTOP" failures="0" tests="1" name="harshitha.DemoTest" time="1.084" errors="0" timestamp="2022-05-05T18:57:39 IST" skipped="0">
  <testcase classname="harshitha.DemoTest" name="testD" time="1.084"/>
  <system-out/>
</testsuite> <!-- harshitha.DemoTest -->
