<?xml version="1.0" encoding="UTF-8"?>
<!-- Generated by org.testng.reporters.JUnitReportReporter -->
<testsuite hostname="BHANU-LAPTOP" failures="0" tests="1" name="script.ValidLogin" time="14.223" errors="0" timestamp="2022-05-12T09:06:19 IST" skipped="0">
  <testcase classname="script.ValidLogin" name="testValidLogin" time="14.223"/>
  <system-out/>
</testsuite> <!-- script.ValidLogin -->
