<?xml version="1.0" encoding="UTF-8"?>
<!-- Generated by org.testng.reporters.JUnitReportReporter -->
<testsuite hostname="BHANU-LAPTOP" failures="0" tests="1" name="script.InvalidLogin" time="9.226" errors="0" timestamp="2022-05-13T23:51:56 IST" skipped="0">
  <testcase classname="script.InvalidLogin" name="testInvalidLogin" time="9.226"/>
  <system-out/>
</testsuite> <!-- script.InvalidLogin -->
