<?xml version="1.0" encoding="UTF-8"?>
<!-- Generated by org.testng.reporters.JUnitReportReporter -->
<testsuite hostname="BHANU-LAPTOP" failures="0" tests="1" name="script.InvalidLogin" time="13.135" errors="0" timestamp="2022-05-13T07:55:06 IST" skipped="0">
  <testcase classname="script.InvalidLogin" name="testInvalidLogin" time="13.135"/>
  <system-out/>
</testsuite> <!-- script.InvalidLogin -->
