<?xml version="1.0" encoding="UTF-8"?>
<!-- Generated by org.testng.reporters.JUnitReportReporter -->
<testsuite hostname="BHANU-LAPTOP" failures="0" tests="4" name="script.Demo2" time="12.898" errors="0" timestamp="2022-05-10T08:41:16 IST" skipped="0">
  <testcase classname="script.Demo2" name="test2" time="3.199"/>
  <system-out>
    <![CDATA[Facebook – log in or sign up
A1
B1]]>
  </system-out>
  <testcase classname="script.Demo2" name="test2" time="3.068"/>
  <system-out>
    <![CDATA[Facebook – log in or sign up
A4
B4]]>
  </system-out>
  <testcase classname="script.Demo2" name="test2" time="3.273"/>
  <system-out>
    <![CDATA[Facebook – log in or sign up
A2
B2]]>
  </system-out>
  <testcase classname="script.Demo2" name="test2" time="3.358"/>
  <system-out>
    <![CDATA[Facebook – log in or sign up
A3
B3]]>
  </system-out>
</testsuite> <!-- script.Demo2 -->
