<?xml version="1.0" encoding="UTF-8"?>
<!-- Generated by org.testng.reporters.JUnitReportReporter -->
<testsuite hostname="BHANU-LAPTOP" failures="0" tests="3" name="script.Demo3" time="9.738" errors="0" timestamp="2022-05-10T08:41:16 IST" skipped="0">
  <testcase classname="script.Demo3" name="test3" time="3.205"/>
  <system-out>
    <![CDATA[A2
B2]]>
  </system-out>
  <testcase classname="script.Demo3" name="test3" time="3.296"/>
  <system-out>
    <![CDATA[A3

C3]]>
  </system-out>
  <testcase classname="script.Demo3" name="test3" time="3.237"/>
  <system-out>
    <![CDATA[A4]]>
  </system-out>
</testsuite> <!-- script.Demo3 -->
