<?xml version="1.0" encoding="UTF-8"?>
<!-- Generated by org.testng.reporters.JUnitReportReporter -->
<testsuite hostname="BHANU-LAPTOP" failures="0" tests="1" name="script.Demo4" time="0.577" errors="0" timestamp="2022-05-10T07:44:49 IST" skipped="0">
  <testcase classname="script.Demo4" name="test_report" time="0.577"/>
  <system-out/>
</testsuite> <!-- script.Demo4 -->
